[INFO] Scanning for projects...
[INFO] 
[INFO] ----------------< com.github.tianchenghang:ai-codegen >-----------------
[INFO] Building ai-codegen 1.0-SNAPSHOT
[INFO]   from pom.xml
[INFO] --------------------------------[ jar ]---------------------------------
[INFO] 
[INFO] >>> spring-boot:3.5.4:run (default-cli) > test-compile @ ai-codegen >>>
[INFO] 
[INFO] --- fmt:2.27:format (default) @ ai-codegen ---
[info] Processed 100 files (0 reformatted).
[info] Processed 123 files (0 reformatted).
[INFO] 
[INFO] --- resources:3.3.1:resources (default-resources) @ ai-codegen ---
[INFO] Copying 3 resources from src\main\resources to target\classes
[INFO] Copying 8 resources from src\main\resources to target\classes
[INFO] 
[INFO] --- compiler:3.14.0:compile (default-compile) @ ai-codegen ---
[INFO] Nothing to compile - all classes are up to date.
[INFO] 
[INFO] --- resources:3.3.1:testResources (default-testResources) @ ai-codegen ---
[INFO] skip non existing resourceDirectory C:\Users\larkhang\github\forks\yu-ai-code-mother\src\test\resources
[INFO] 
[INFO] --- compiler:3.14.0:testCompile (default-testCompile) @ ai-codegen ---
[INFO] Nothing to compile - all classes are up to date.
[INFO] 
[INFO] <<< spring-boot:3.5.4:run (default-cli) < test-compile @ ai-codegen <<<
[INFO] 
[INFO] 
[INFO] --- spring-boot:3.5.4:run (default-cli) @ ai-codegen ---
[INFO] Attaching agents: []
SLF4J(W): Class path contains multiple SLF4J providers.
SLF4J(W): Found provider [ch.qos.logback.classic.spi.LogbackServiceProvider@edf4efb]
SLF4J(W): Found provider [org.slf4j.simple.SimpleServiceProvider@2f7a2457]
SLF4J(W): See https://www.slf4j.org/codes.html#multiple_bindings for an explanation.
SLF4J(I): Actual provider is of type [ch.qos.logback.classic.spi.LogbackServiceProvider@edf4efb]

  .   ____          _            __ _ _
 /\\ / ___'_ __ _ _(_)_ __  __ _ \ \ \ \
( ( )\___ | '_ | '_| | '_ \/ _` | \ \ \ \
 \\/  ___)| |_)| | | | | || (_| |  ) ) ) )
  '  |____| .__|_| |_|_| |_\__, | / / / /
 =========|_|==============|___/=/_/_/_/

 :: Spring Boot ::                (v3.5.4)

2026-02-02T09:51:02.606+08:00  INFO 20724 --- [ai-codegen] [           main] com.github.tianchenghang.App             : Starting App using Java 21.0.2 with PID 20724 (C:\Users\larkhang\github\forks\yu-ai-code-mother\target\classes started by larkhang in C:\Users\larkhang\github\forks\yu-ai-code-mother)
2026-02-02T09:51:02.608+08:00  INFO 20724 --- [ai-codegen] [           main] com.github.tianchenghang.App             : The following 1 profile is active: "local"
2026-02-02T09:51:04.124+08:00  INFO 20724 --- [ai-codegen] [           main] o.s.b.w.embedded.tomcat.TomcatWebServer  : Tomcat initialized with port 8123 (http)
2026-02-02T09:51:04.135+08:00  INFO 20724 --- [ai-codegen] [           main] o.apache.catalina.core.StandardService   : Starting service [Tomcat]
2026-02-02T09:51:04.135+08:00  INFO 20724 --- [ai-codegen] [           main] o.apache.catalina.core.StandardEngine    : Starting Servlet engine: [Apache Tomcat/10.1.43]
2026-02-02T09:51:04.200+08:00  INFO 20724 --- [ai-codegen] [           main] o.a.c.c.C.[Tomcat].[localhost].[/api]    : Initializing Spring embedded WebApplicationContext
2026-02-02T09:51:04.201+08:00  INFO 20724 --- [ai-codegen] [           main] w.s.c.ServletWebServerApplicationContext : Root WebApplicationContext: initialization completed in 1540 ms
  __  __       _           _   _       _____ _           
 |  \/  |_   _| |__   __ _| |_(_)___  |  ___| | _____  __
 | |\/| | | | | '_ \ / _` | __| / __| | |_  | |/ _ \ \/ /
 | |  | | |_| | |_) | (_| | |_| \__ \ |  _| | |  __/>  < 
 |_|  |_|\__, |_.__/ \__,_|\__|_|___/ |_|   |_|\___/_/\_\
         |___/ v1.11.1 https://mybatis-flex.com
2026-02-02T09:51:04.969+08:00  INFO 20724 --- [ai-codegen] [           main] c.g.tianchenghang.ai.tools.ToolManager   : 注册工具: ReadDir -> 读取目录
2026-02-02T09:51:04.970+08:00  INFO 20724 --- [ai-codegen] [           main] c.g.tianchenghang.ai.tools.ToolManager   : 注册工具: Exit -> 退出
2026-02-02T09:51:04.970+08:00  INFO 20724 --- [ai-codegen] [           main] c.g.tianchenghang.ai.tools.ToolManager   : 注册工具: FileDelete -> 文件删除
2026-02-02T09:51:04.970+08:00  INFO 20724 --- [ai-codegen] [           main] c.g.tianchenghang.ai.tools.ToolManager   : 注册工具: FileModify -> 文件修改
2026-02-02T09:51:04.970+08:00  INFO 20724 --- [ai-codegen] [           main] c.g.tianchenghang.ai.tools.ToolManager   : 注册工具: FileRead -> 文件读取
2026-02-02T09:51:04.970+08:00  INFO 20724 --- [ai-codegen] [           main] c.g.tianchenghang.ai.tools.ToolManager   : 注册工具: FileWrite -> 文件写入
2026-02-02T09:51:04.970+08:00  INFO 20724 --- [ai-codegen] [           main] c.g.tianchenghang.ai.tools.ToolManager   : 工具注册成功, 共 6 个工具
2026-02-02T09:51:05.003+08:00  INFO 20724 --- [ai-codegen] [           main] c.g.t.local_storage.LocalStorageManager  : 本地存储路径: ./uploads
2026-02-02T09:51:05.003+08:00  INFO 20724 --- [ai-codegen] [           main] c.g.t.local_storage.LocalStorageManager  : 本地存储基础 url: http://localhost:8123/api/static
2026-02-02T09:51:05.054+08:00  INFO 20724 --- [ai-codegen] [           main] c.g.t.r.limiter.LocalRateLimiter         : Redis 不可用, 使用本地限流器
2026-02-02T09:51:05.059+08:00  INFO 20724 --- [ai-codegen] [           main] c.g.t.ai.AiCodegenServiceFactory         : 为 appId: 0 创建新的 AI 服务实例
2026-02-02T09:51:05.095+08:00  INFO 20724 --- [ai-codegen] [           main] com.zaxxer.hikari.HikariDataSource       : HikariPool-1 - Starting...
2026-02-02T09:51:05.154+08:00  INFO 20724 --- [ai-codegen] [           main] i.opentelemetry.api.GlobalOpenTelemetry  : AutoConfiguredOpenTelemetrySdk found on classpath but automatic configuration is disabled. To enable, run your JVM with -Dotel.java.global-autoconfigure.enabled=true
2026-02-02T09:51:06.411+08:00  INFO 20724 --- [ai-codegen] [           main] com.zaxxer.hikari.HikariDataSource       : HikariPool-1 - Start completed.
2026-02-02T09:51:06.481+08:00  INFO 20724 --- [ai-codegen] [           main] c.g.tianchenghang.config.CacheConfig     : Redis is disabled, use Caffeine local cache
2026-02-02T09:51:06.590+08:00  INFO 20724 --- [ai-codegen] [           main] o.s.b.a.w.s.WelcomePageHandlerMapping    : Adding welcome page: class path resource [static/index.html]
2026-02-02T09:51:06.612+08:00  INFO 20724 --- [ai-codegen] [           main] o.s.v.b.OptionalValidatorFactoryBean     : Failed to set up a Bean Validation provider: jakarta.validation.NoProviderFoundException: Unable to create a Configuration, because no Jakarta Bean Validation provider could be found. Add a provider like Hibernate Validator (RI) to your classpath.
2026-02-02T09:51:07.233+08:00  INFO 20724 --- [ai-codegen] [           main] o.s.b.a.e.web.EndpointLinksResolver      : Exposing 3 endpoints beneath base path '/actuator'
2026-02-02T09:51:07.319+08:00  INFO 20724 --- [ai-codegen] [           main] o.s.b.w.embedded.tomcat.TomcatWebServer  : Tomcat started on port 8123 (http) with context path '/api'
2026-02-02T09:51:07.328+08:00  INFO 20724 --- [ai-codegen] [           main] com.github.tianchenghang.App             : Started App in 5.129 seconds (process running for 5.448)
2026-02-02T09:54:43.407+08:00  INFO 20724 --- [ai-codegen] [ionShutdownHook] o.s.b.w.e.tomcat.GracefulShutdown        : Commencing graceful shutdown. Waiting for active requests to complete
2026-02-02T09:54:43.411+08:00  INFO 20724 --- [ai-codegen] [tomcat-shutdown] o.s.b.w.e.tomcat.GracefulShutdown        : Graceful shutdown complete
2026-02-02T09:54:43.416+08:00  INFO 20724 --- [ai-codegen] [ionShutdownHook] com.zaxxer.hikari.HikariDataSource       : HikariPool-1 - Shutdown initiated...
2026-02-02T09:54:43.421+08:00  INFO 20724 --- [ai-codegen] [ionShutdownHook] com.zaxxer.hikari.HikariDataSource       : HikariPool-1 - Shutdown completed.
[INFO] ------------------------------------------------------------------------
[INFO] BUILD SUCCESS
[INFO] ------------------------------------------------------------------------
[INFO] Total time:  03:45 min
[INFO] Finished at: 2026-02-02T09:54:43+08:00
[INFO] ------------------------------------------------------------------------
